# JRE version: OpenJDK Runtime Environment Temurin-17.0.10+7 (17.0.10+7) (build 17.0.10+7)
# Java VM: OpenJDK 64-Bit Server VM Temurin-17.0.10+7 (17.0.10+7, mixed mode, sharing, tiered, compressed oops, compressed class ptrs, g1 gc, windows-amd64)
GC Precious Log:
 CPUs: 8 total, 8 available
 Memory: 6020M
 Large Page Support: Disabled
 NUMA Support: Disabled
 Compressed Oops: Enabled (32-bit)
 Heap Region Size: 1M
 Heap Min Capacity: 8M
 Heap Initial Capacity: 96M
 Heap Max Capacity: 1506M
 Pre-touch: Disabled
 Parallel Workers: 8
 Concurrent Workers: 2
 Concurrent Refinement Workers: 8
 Periodic GC: Disabled
Heap:
 garbage-first heap   total 145408K, used 88376K [0x00000000a1e00000, 0x0000000100000000)
  region size 1024K, 12 young (12288K), 1 survivors (1024K)
 Metaspace       used 59388K, committed 59776K, reserved 1114112K
  class space    used 6855K, committed 7040K, reserved 1048576K
GC Heap History (20 events):
Event: 26.256 GC heap before
{Heap before GC invocations=16 (full 0):
 garbage-first heap   total 110592K, used 81734K [0x00000000a1e00000, 0x0000000100000000)
  region size 1024K, 39 young (39936K), 6 survivors (6144K)
 Metaspace       used 51498K, committed 51840K, reserved 1114112K
  class space    used 6114K, committed 6272K, reserved 1048576K
}
Event: 26.295 GC heap after
{Heap after GC invocations=17 (full 0):
 garbage-first heap   total 110592K, used 54099K [0x00000000a1e00000, 0x0000000100000000)
  region size 1024K, 5 young (5120K), 5 survivors (5120K)
 Metaspace       used 51498K, committed 51840K, reserved 1114112K
  class space    used 6114K, committed 6272K, reserved 1048576K
}
Event: 28.153 GC heap before
{Heap before GC invocations=17 (full 0):
 garbage-first heap   total 110592K, used 84819K [0x00000000a1e00000, 0x0000000100000000)
  region size 1024K, 35 young (35840K), 5 survivors (5120K)
 Metaspace       used 52604K, committed 52928K, reserved 1114112K
  class space    used 6254K, committed 6400K, reserved 1048576K
}
Event: 28.190 GC heap after
{Heap after GC invocations=18 (full 0):
 garbage-first heap   total 110592K, used 59904K [0x00000000a1e00000, 0x0000000100000000)
  region size 1024K, 5 young (5120K), 5 survivors (5120K)
 Metaspace       used 52604K, committed 52928K, reserved 1114112K
  class space    used 6254K, committed 6400K, reserved 1048576K
}
Event: 29.146 GC heap before
{Heap before GC invocations=18 (full 0):
 garbage-first heap   total 110592K, used 86528K [0x00000000a1e00000, 0x0000000100000000)
  region size 1024K, 31 young (31744K), 5 survivors (5120K)
 Metaspace       used 52721K, committed 52992K, reserved 1114112K
  class space    used 6261K, committed 6400K, reserved 1048576K
}
Event: 29.176 GC heap after
{Heap after GC invocations=19 (full 0):
 garbage-first heap   total 110592K, used 65024K [0x00000000a1e00000, 0x0000000100000000)
  region size 1024K, 4 young (4096K), 4 survivors (4096K)
 Metaspace       used 52721K, committed 52992K, reserved 1114112K
  class space    used 6261K, committed 6400K, reserved 1048576K
}
Event: 30.715 GC heap before
{Heap before GC invocations=20 (full 0):
 garbage-first heap   total 116736K, used 87552K [0x00000000a1e00000, 0x0000000100000000)
  region size 1024K, 26 young (26624K), 4 survivors (4096K)
 Metaspace       used 52791K, committed 53056K, reserved 1114112K
  class space    used 6263K, committed 6400K, reserved 1048576K
}
Event: 30.737 GC heap after
{Heap after GC invocations=21 (full 0):
 garbage-first heap   total 116736K, used 69632K [0x00000000a1e00000, 0x0000000100000000)
  region size 1024K, 4 young (4096K), 4 survivors (4096K)
 Metaspace       used 52791K, committed 53056K, reserved 1114112K
  class space    used 6263K, committed 6400K, reserved 1048576K
}
Event: 31.293 GC heap before
{Heap before GC invocations=21 (full 0):
 garbage-first heap   total 116736K, used 93184K [0x00000000a1e00000, 0x0000000100000000)
  region size 1024K, 27 young (27648K), 4 survivors (4096K)
 Metaspace       used 53503K, committed 53824K, reserved 1114112K
  class space    used 6340K, committed 6528K, reserved 1048576K
}
Event: 31.308 GC heap after
{Heap after GC invocations=22 (full 0):
 garbage-first heap   total 140288K, used 70656K [0x00000000a1e00000, 0x0000000100000000)
  region size 1024K, 1 young (1024K), 1 survivors (1024K)
 Metaspace       used 53503K, committed 53824K, reserved 1114112K
  class space    used 6340K, committed 6528K, reserved 1048576K
}
Event: 32.600 GC heap before
{Heap before GC invocations=23 (full 0):
 garbage-first heap   total 140288K, used 109568K [0x00000000a1e00000, 0x0000000100000000)
  region size 1024K, 39 young (39936K), 1 survivors (1024K)
 Metaspace       used 54137K, committed 54464K, reserved 1114112K
  class space    used 6402K, committed 6592K, reserved 1048576K
}
Event: 32.606 GC heap after
{Heap after GC invocations=24 (full 0):
 garbage-first heap   total 140288K, used 71783K [0x00000000a1e00000, 0x0000000100000000)
  region size 1024K, 3 young (3072K), 3 survivors (3072K)
 Metaspace       used 54137K, committed 54464K, reserved 1114112K
  class space    used 6402K, committed 6592K, reserved 1048576K
}
Event: 32.657 GC heap before
{Heap before GC invocations=24 (full 0):
 garbage-first heap   total 140288K, used 74855K [0x00000000a1e00000, 0x0000000100000000)
  region size 1024K, 6 young (6144K), 3 survivors (3072K)
 Metaspace       used 54169K, committed 54528K, reserved 1114112K
  class space    used 6402K, committed 6592K, reserved 1048576K
}
Event: 32.663 GC heap after
{Heap after GC invocations=25 (full 0):
 garbage-first heap   total 140288K, used 71656K [0x00000000a1e00000, 0x0000000100000000)
  region size 1024K, 1 young (1024K), 1 survivors (1024K)
 Metaspace       used 54169K, committed 54528K, reserved 1114112K
  class space    used 6402K, committed 6592K, reserved 1048576K
}
Event: 36.247 GC heap before
{Heap before GC invocations=25 (full 0):
 garbage-first heap   total 140288K, used 88040K [0x00000000a1e00000, 0x0000000100000000)
  region size 1024K, 18 young (18432K), 1 survivors (1024K)
 Metaspace       used 55840K, committed 56128K, reserved 1114112K
  class space    used 6557K, committed 6720K, reserved 1048576K
}
Event: 36.252 GC heap after
{Heap after GC invocations=26 (full 0):
 garbage-first heap   total 140288K, used 73078K [0x00000000a1e00000, 0x0000000100000000)
  region size 1024K, 2 young (2048K), 2 survivors (2048K)
 Metaspace       used 55840K, committed 56128K, reserved 1114112K
  class space    used 6557K, committed 6720K, reserved 1048576K
}
Event: 39.878 GC heap before
{Heap before GC invocations=27 (full 0):
 garbage-first heap   total 145408K, used 113014K [0x00000000a1e00000, 0x0000000100000000)
  region size 1024K, 40 young (40960K), 2 survivors (2048K)
 Metaspace       used 58218K, committed 58560K, reserved 1114112K
  class space    used 6725K, committed 6912K, reserved 1048576K
}
Event: 39.895 GC heap after
{Heap after GC invocations=28 (full 0):
 garbage-first heap   total 145408K, used 77750K [0x00000000a1e00000, 0x0000000100000000)
  region size 1024K, 5 young (5120K), 5 survivors (5120K)
 Metaspace       used 58218K, committed 58560K, reserved 1114112K
  class space    used 6725K, committed 6912K, reserved 1048576K
}
Event: 40.640 GC heap before
{Heap before GC invocations=28 (full 0):
 garbage-first heap   total 145408K, used 79798K [0x00000000a1e00000, 0x0000000100000000)
  region size 1024K, 7 young (7168K), 5 survivors (5120K)
 Metaspace       used 58323K, committed 58688K, reserved 1114112K
  class space    used 6729K, committed 6912K, reserved 1048576K
}
Event: 40.651 GC heap after
{Heap after GC invocations=29 (full 0):
 garbage-first heap   total 145408K, used 78136K [0x00000000a1e00000, 0x0000000100000000)
  region size 1024K, 1 young (1024K), 1 survivors (1024K)
 Metaspace       used 58323K, committed 58688K, reserved 1114112K
  class space    used 6729K, committed 6912K, reserved 1048576K
}

