# JRE version: OpenJDK Runtime Environment Temurin-17.0.10+7 (17.0.10+7) (build 17.0.10+7)
# Java VM: OpenJDK 64-Bit Server VM Temurin-17.0.10+7 (17.0.10+7, mixed mode, sharing, tiered, compressed oops, compressed class ptrs, g1 gc, windows-amd64)
GC Precious Log:
 CPUs: 8 total, 8 available
 Memory: 6020M
 Large Page Support: Disabled
 NUMA Support: Disabled
 Compressed Oops: Enabled (32-bit)
 Heap Region Size: 1M
 Heap Min Capacity: 8M
 Heap Initial Capacity: 96M
 Heap Max Capacity: 2G
 Pre-touch: Disabled
 Parallel Workers: 8
 Concurrent Workers: 2
 Concurrent Refinement Workers: 8
 Periodic GC: Disabled
Heap:
 garbage-first heap   total 107520K, used 69367K [0x0000000080000000, 0x0000000100000000)
  region size 1024K, 8 young (8192K), 1 survivors (1024K)
 Metaspace       used 62170K, committed 62848K, reserved 491520K
  class space    used 8805K, committed 9152K, reserved 425984K
GC Heap History (20 events):
Event: 44.980 GC heap before
{Heap before GC invocations=19 (full 0):
 garbage-first heap   total 89088K, used 71963K [0x0000000080000000, 0x0000000100000000)
  region size 1024K, 24 young (24576K), 2 survivors (2048K)
 Metaspace       used 49236K, committed 49856K, reserved 491520K
  class space    used 6906K, committed 7168K, reserved 425984K
}
Event: 44.985 GC heap after
{Heap after GC invocations=20 (full 0):
 garbage-first heap   total 89088K, used 51855K [0x0000000080000000, 0x0000000100000000)
  region size 1024K, 3 young (3072K), 3 survivors (3072K)
 Metaspace       used 49236K, committed 49856K, reserved 491520K
  class space    used 6906K, committed 7168K, reserved 425984K
}
Event: 45.722 GC heap before
{Heap before GC invocations=20 (full 0):
 garbage-first heap   total 89088K, used 72335K [0x0000000080000000, 0x0000000100000000)
  region size 1024K, 23 young (23552K), 3 survivors (3072K)
 Metaspace       used 51152K, committed 51776K, reserved 491520K
  class space    used 7219K, committed 7552K, reserved 425984K
}
Event: 45.725 GC heap after
{Heap after GC invocations=21 (full 0):
 garbage-first heap   total 89088K, used 52677K [0x0000000080000000, 0x0000000100000000)
  region size 1024K, 1 young (1024K), 1 survivors (1024K)
 Metaspace       used 51152K, committed 51776K, reserved 491520K
  class space    used 7219K, committed 7552K, reserved 425984K
}
Event: 46.009 GC heap before
{Heap before GC invocations=22 (full 0):
 garbage-first heap   total 94208K, used 60869K [0x0000000080000000, 0x0000000100000000)
  region size 1024K, 10 young (10240K), 1 survivors (1024K)
 Metaspace       used 51940K, committed 52608K, reserved 491520K
  class space    used 7359K, committed 7680K, reserved 425984K
}
Event: 46.012 GC heap after
{Heap after GC invocations=23 (full 0):
 garbage-first heap   total 94208K, used 53115K [0x0000000080000000, 0x0000000100000000)
  region size 1024K, 2 young (2048K), 2 survivors (2048K)
 Metaspace       used 51940K, committed 52608K, reserved 491520K
  class space    used 7359K, committed 7680K, reserved 425984K
}
Event: 46.730 GC heap before
{Heap before GC invocations=24 (full 0):
 garbage-first heap   total 102400K, used 78715K [0x0000000080000000, 0x0000000100000000)
  region size 1024K, 24 young (24576K), 2 survivors (2048K)
 Metaspace       used 53545K, committed 54208K, reserved 491520K
  class space    used 7559K, committed 7872K, reserved 425984K
}
Event: 46.732 GC heap after
{Heap after GC invocations=25 (full 0):
 garbage-first heap   total 102400K, used 58194K [0x0000000080000000, 0x0000000100000000)
  region size 1024K, 3 young (3072K), 3 survivors (3072K)
 Metaspace       used 53545K, committed 54208K, reserved 491520K
  class space    used 7559K, committed 7872K, reserved 425984K
}
Event: 47.527 GC heap before
{Heap before GC invocations=25 (full 0):
 garbage-first heap   total 102400K, used 81746K [0x0000000080000000, 0x0000000100000000)
  region size 1024K, 27 young (27648K), 3 survivors (3072K)
 Metaspace       used 55580K, committed 56256K, reserved 491520K
  class space    used 7853K, committed 8192K, reserved 425984K
}
Event: 47.531 GC heap after
{Heap after GC invocations=26 (full 0):
 garbage-first heap   total 102400K, used 59107K [0x0000000080000000, 0x0000000100000000)
  region size 1024K, 3 young (3072K), 3 survivors (3072K)
 Metaspace       used 55580K, committed 56256K, reserved 491520K
  class space    used 7853K, committed 8192K, reserved 425984K
}
Event: 48.192 GC heap before
{Heap before GC invocations=27 (full 0):
 garbage-first heap   total 106496K, used 81635K [0x0000000080000000, 0x0000000100000000)
  region size 1024K, 26 young (26624K), 3 survivors (3072K)
 Metaspace       used 58379K, committed 59072K, reserved 491520K
  class space    used 8218K, committed 8576K, reserved 425984K
}
Event: 48.196 GC heap after
{Heap after GC invocations=28 (full 0):
 garbage-first heap   total 106496K, used 60458K [0x0000000080000000, 0x0000000100000000)
  region size 1024K, 4 young (4096K), 4 survivors (4096K)
 Metaspace       used 58379K, committed 59072K, reserved 491520K
  class space    used 8218K, committed 8576K, reserved 425984K
}
Event: 48.237 GC heap before
{Heap before GC invocations=28 (full 0):
 garbage-first heap   total 106496K, used 61482K [0x0000000080000000, 0x0000000100000000)
  region size 1024K, 5 young (5120K), 4 survivors (4096K)
 Metaspace       used 58419K, committed 59136K, reserved 491520K
  class space    used 8221K, committed 8576K, reserved 425984K
}
Event: 48.240 GC heap after
{Heap after GC invocations=29 (full 0):
 garbage-first heap   total 106496K, used 60733K [0x0000000080000000, 0x0000000100000000)
  region size 1024K, 1 young (1024K), 1 survivors (1024K)
 Metaspace       used 58419K, committed 59136K, reserved 491520K
  class space    used 8221K, committed 8576K, reserved 425984K
}
Event: 49.165 GC heap before
{Heap before GC invocations=29 (full 0):
 garbage-first heap   total 106496K, used 87357K [0x0000000080000000, 0x0000000100000000)
  region size 1024K, 27 young (27648K), 1 survivors (1024K)
 Metaspace       used 59933K, committed 60608K, reserved 491520K
  class space    used 8445K, committed 8768K, reserved 425984K
}
Event: 49.169 GC heap after
{Heap after GC invocations=30 (full 0):
 garbage-first heap   total 106496K, used 61787K [0x0000000080000000, 0x0000000100000000)
  region size 1024K, 2 young (2048K), 2 survivors (2048K)
 Metaspace       used 59933K, committed 60608K, reserved 491520K
  class space    used 8445K, committed 8768K, reserved 425984K
}
Event: 50.000 GC heap before
{Heap before GC invocations=31 (full 0):
 garbage-first heap   total 107520K, used 88411K [0x0000000080000000, 0x0000000100000000)
  region size 1024K, 28 young (28672K), 2 survivors (2048K)
 Metaspace       used 61639K, committed 62272K, reserved 491520K
  class space    used 8725K, committed 9024K, reserved 425984K
}
Event: 50.003 GC heap after
{Heap after GC invocations=32 (full 0):
 garbage-first heap   total 107520K, used 63239K [0x0000000080000000, 0x0000000100000000)
  region size 1024K, 4 young (4096K), 4 survivors (4096K)
 Metaspace       used 61639K, committed 62272K, reserved 491520K
  class space    used 8725K, committed 9024K, reserved 425984K
}
Event: 50.028 GC heap before
{Heap before GC invocations=32 (full 0):
 garbage-first heap   total 107520K, used 64263K [0x0000000080000000, 0x0000000100000000)
  region size 1024K, 5 young (5120K), 4 survivors (4096K)
 Metaspace       used 61705K, committed 62336K, reserved 491520K
  class space    used 8732K, committed 9024K, reserved 425984K
}
Event: 50.032 GC heap after
{Heap after GC invocations=33 (full 0):
 garbage-first heap   total 107520K, used 63223K [0x0000000080000000, 0x0000000100000000)
  region size 1024K, 1 young (1024K), 1 survivors (1024K)
 Metaspace       used 61705K, committed 62336K, reserved 491520K
  class space    used 8732K, committed 9024K, reserved 425984K
}

