# JRE version: OpenJDK Runtime Environment Temurin-17.0.10+7 (17.0.10+7) (build 17.0.10+7)
# Java VM: OpenJDK 64-Bit Server VM Temurin-17.0.10+7 (17.0.10+7, mixed mode, sharing, tiered, compressed oops, compressed class ptrs, g1 gc, windows-amd64)
GC Precious Log:
 CPUs: 8 total, 8 available
 Memory: 6020M
 Large Page Support: Disabled
 NUMA Support: Disabled
 Compressed Oops: Enabled (32-bit)
 Heap Region Size: 1M
 Heap Min Capacity: 8M
 Heap Initial Capacity: 96M
 Heap Max Capacity: 2G
 Pre-touch: Disabled
 Parallel Workers: 8
 Concurrent Workers: 2
 Concurrent Refinement Workers: 8
 Periodic GC: Disabled
Heap:
 garbage-first heap   total 117760K, used 88114K [0x0000000080000000, 0x0000000100000000)
  region size 1024K, 25 young (25600K), 4 survivors (4096K)
 Metaspace       used 70533K, committed 71168K, reserved 491520K
  class space    used 9874K, committed 10176K, reserved 425984K
GC Heap History (20 events):
Event: 48.176 GC heap before
{Heap before GC invocations=18 (full 0):
 garbage-first heap   total 86016K, used 51612K [0x0000000080000000, 0x0000000100000000)
  region size 1024K, 8 young (8192K), 3 survivors (3072K)
 Metaspace       used 53000K, committed 53632K, reserved 491520K
  class space    used 7351K, committed 7616K, reserved 425984K
}
Event: 48.180 GC heap after
{Heap after GC invocations=19 (full 0):
 garbage-first heap   total 86016K, used 48387K [0x0000000080000000, 0x0000000100000000)
  region size 1024K, 3 young (3072K), 3 survivors (3072K)
 Metaspace       used 53000K, committed 53632K, reserved 491520K
  class space    used 7351K, committed 7616K, reserved 425984K
}
Event: 49.057 GC heap before
{Heap before GC invocations=20 (full 0):
 garbage-first heap   total 92160K, used 69891K [0x0000000080000000, 0x0000000100000000)
  region size 1024K, 21 young (21504K), 3 survivors (3072K)
 Metaspace       used 55338K, committed 56000K, reserved 491520K
  class space    used 7647K, committed 7936K, reserved 425984K
}
Event: 49.060 GC heap after
{Heap after GC invocations=21 (full 0):
 garbage-first heap   total 92160K, used 54773K [0x0000000080000000, 0x0000000100000000)
  region size 1024K, 3 young (3072K), 3 survivors (3072K)
 Metaspace       used 55338K, committed 56000K, reserved 491520K
  class space    used 7647K, committed 7936K, reserved 425984K
}
Event: 50.108 GC heap before
{Heap before GC invocations=21 (full 0):
 garbage-first heap   total 92160K, used 72181K [0x0000000080000000, 0x0000000100000000)
  region size 1024K, 21 young (21504K), 3 survivors (3072K)
 Metaspace       used 56979K, committed 57600K, reserved 491520K
  class space    used 7911K, committed 8192K, reserved 425984K
}
Event: 50.112 GC heap after
{Heap after GC invocations=22 (full 0):
 garbage-first heap   total 92160K, used 55343K [0x0000000080000000, 0x0000000100000000)
  region size 1024K, 1 young (1024K), 1 survivors (1024K)
 Metaspace       used 56979K, committed 57600K, reserved 491520K
  class space    used 7911K, committed 8192K, reserved 425984K
}
Event: 50.780 GC heap before
{Heap before GC invocations=23 (full 0):
 garbage-first heap   total 96256K, used 69679K [0x0000000080000000, 0x0000000100000000)
  region size 1024K, 16 young (16384K), 1 survivors (1024K)
 Metaspace       used 58350K, committed 58944K, reserved 491520K
  class space    used 8136K, committed 8384K, reserved 425984K
}
Event: 50.782 GC heap after
{Heap after GC invocations=24 (full 0):
 garbage-first heap   total 96256K, used 55976K [0x0000000080000000, 0x0000000100000000)
  region size 1024K, 2 young (2048K), 2 survivors (2048K)
 Metaspace       used 58350K, committed 58944K, reserved 491520K
  class space    used 8136K, committed 8384K, reserved 425984K
}
Event: 51.565 GC heap before
{Heap before GC invocations=25 (full 0):
 garbage-first heap   total 104448K, used 79528K [0x0000000080000000, 0x0000000100000000)
  region size 1024K, 22 young (22528K), 2 survivors (2048K)
 Metaspace       used 59714K, committed 60352K, reserved 491520K
  class space    used 8291K, committed 8576K, reserved 425984K
}
Event: 51.568 GC heap after
{Heap after GC invocations=26 (full 0):
 garbage-first heap   total 104448K, used 61101K [0x0000000080000000, 0x0000000100000000)
  region size 1024K, 3 young (3072K), 3 survivors (3072K)
 Metaspace       used 59714K, committed 60352K, reserved 491520K
  class space    used 8291K, committed 8576K, reserved 425984K
}
Event: 52.508 GC heap before
{Heap before GC invocations=26 (full 0):
 garbage-first heap   total 104448K, used 83629K [0x0000000080000000, 0x0000000100000000)
  region size 1024K, 25 young (25600K), 3 survivors (3072K)
 Metaspace       used 61615K, committed 62272K, reserved 491520K
  class space    used 8581K, committed 8832K, reserved 425984K
}
Event: 52.511 GC heap after
{Heap after GC invocations=27 (full 0):
 garbage-first heap   total 104448K, used 61956K [0x0000000080000000, 0x0000000100000000)
  region size 1024K, 3 young (3072K), 3 survivors (3072K)
 Metaspace       used 61615K, committed 62272K, reserved 491520K
  class space    used 8581K, committed 8832K, reserved 425984K
}
Event: 53.579 GC heap before
{Heap before GC invocations=28 (full 0):
 garbage-first heap   total 107520K, used 84484K [0x0000000080000000, 0x0000000100000000)
  region size 1024K, 25 young (25600K), 3 survivors (3072K)
 Metaspace       used 64313K, committed 64960K, reserved 491520K
  class space    used 8933K, committed 9216K, reserved 425984K
}
Event: 53.582 GC heap after
{Heap after GC invocations=29 (full 0):
 garbage-first heap   total 107520K, used 62597K [0x0000000080000000, 0x0000000100000000)
  region size 1024K, 3 young (3072K), 3 survivors (3072K)
 Metaspace       used 64313K, committed 64960K, reserved 491520K
  class space    used 8933K, committed 9216K, reserved 425984K
}
Event: 54.861 GC heap before
{Heap before GC invocations=29 (full 0):
 garbage-first heap   total 107520K, used 86149K [0x0000000080000000, 0x0000000100000000)
  region size 1024K, 27 young (27648K), 3 survivors (3072K)
 Metaspace       used 65992K, committed 66688K, reserved 491520K
  class space    used 9180K, committed 9472K, reserved 425984K
}
Event: 54.867 GC heap after
{Heap after GC invocations=30 (full 0):
 garbage-first heap   total 107520K, used 64394K [0x0000000080000000, 0x0000000100000000)
  region size 1024K, 4 young (4096K), 4 survivors (4096K)
 Metaspace       used 65992K, committed 66688K, reserved 491520K
  class space    used 9180K, committed 9472K, reserved 425984K
}
Event: 55.740 GC heap before
{Heap before GC invocations=31 (full 0):
 garbage-first heap   total 114688K, used 86922K [0x0000000080000000, 0x0000000100000000)
  region size 1024K, 26 young (26624K), 4 survivors (4096K)
 Metaspace       used 67134K, committed 67776K, reserved 491520K
  class space    used 9340K, committed 9664K, reserved 425984K
}
Event: 55.750 GC heap after
{Heap after GC invocations=32 (full 0):
 garbage-first heap   total 114688K, used 66036K [0x0000000080000000, 0x0000000100000000)
  region size 1024K, 4 young (4096K), 4 survivors (4096K)
 Metaspace       used 67134K, committed 67776K, reserved 491520K
  class space    used 9340K, committed 9664K, reserved 425984K
}
Event: 57.159 GC heap before
{Heap before GC invocations=32 (full 0):
 garbage-first heap   total 114688K, used 93684K [0x0000000080000000, 0x0000000100000000)
  region size 1024K, 31 young (31744K), 4 survivors (4096K)
 Metaspace       used 68828K, committed 69504K, reserved 491520K
  class space    used 9583K, committed 9920K, reserved 425984K
}
Event: 57.165 GC heap after
{Heap after GC invocations=33 (full 0):
 garbage-first heap   total 114688K, used 68658K [0x0000000080000000, 0x0000000100000000)
  region size 1024K, 4 young (4096K), 4 survivors (4096K)
 Metaspace       used 68828K, committed 69504K, reserved 491520K
  class space    used 9583K, committed 9920K, reserved 425984K
}

