# JRE version: OpenJDK Runtime Environment Temurin-17.0.10+7 (17.0.10+7) (build 17.0.10+7)
# Java VM: OpenJDK 64-Bit Server VM Temurin-17.0.10+7 (17.0.10+7, mixed mode, sharing, tiered, compressed oops, compressed class ptrs, g1 gc, windows-amd64)
GC Precious Log:
 CPUs: 8 total, 8 available
 Memory: 6020M
 Large Page Support: Disabled
 NUMA Support: Disabled
 Compressed Oops: Enabled (32-bit)
 Heap Region Size: 1M
 Heap Min Capacity: 8M
 Heap Initial Capacity: 96M
 Heap Max Capacity: 2G
 Pre-touch: Disabled
 Parallel Workers: 8
 Concurrent Workers: 2
 Concurrent Refinement Workers: 8
 Periodic GC: Disabled
Heap:
 garbage-first heap   total 256000K, used 122414K [0x0000000080000000, 0x0000000100000000)
  region size 1024K, 35 young (35840K), 11 survivors (11264K)
 Metaspace       used 89630K, committed 90432K, reserved 557056K
  class space    used 12560K, committed 12928K, reserved 425984K
GC Heap History (20 events):
Event: 133.241 GC heap before
{Heap before GC invocations=41 (full 0):
 garbage-first heap   total 142336K, used 97980K [0x0000000080000000, 0x0000000100000000)
  region size 1024K, 20 young (20480K), 4 survivors (4096K)
 Metaspace       used 72218K, committed 72896K, reserved 491520K
  class space    used 10094K, committed 10432K, reserved 425984K
}
Event: 133.253 GC heap after
{Heap after GC invocations=42 (full 0):
 garbage-first heap   total 142336K, used 83898K [0x0000000080000000, 0x0000000100000000)
  region size 1024K, 3 young (3072K), 3 survivors (3072K)
 Metaspace       used 72218K, committed 72896K, reserved 491520K
  class space    used 10094K, committed 10432K, reserved 425984K
}
Event: 133.352 GC heap before
{Heap before GC invocations=42 (full 0):
 garbage-first heap   total 142336K, used 86970K [0x0000000080000000, 0x0000000100000000)
  region size 1024K, 6 young (6144K), 3 survivors (3072K)
 Metaspace       used 72409K, committed 73152K, reserved 491520K
  class space    used 10126K, committed 10496K, reserved 425984K
}
Event: 133.359 GC heap after
{Heap after GC invocations=43 (full 0):
 garbage-first heap   total 142336K, used 83815K [0x0000000080000000, 0x0000000100000000)
  region size 1024K, 1 young (1024K), 1 survivors (1024K)
 Metaspace       used 72409K, committed 73152K, reserved 491520K
  class space    used 10126K, committed 10496K, reserved 425984K
}
Event: 134.354 GC heap before
{Heap before GC invocations=43 (full 0):
 garbage-first heap   total 142336K, used 104295K [0x0000000080000000, 0x0000000100000000)
  region size 1024K, 22 young (22528K), 1 survivors (1024K)
 Metaspace       used 74313K, committed 75008K, reserved 491520K
  class space    used 10316K, committed 10688K, reserved 425984K
}
Event: 134.357 GC heap after
{Heap after GC invocations=44 (full 0):
 garbage-first heap   total 142336K, used 84385K [0x0000000080000000, 0x0000000100000000)
  region size 1024K, 1 young (1024K), 1 survivors (1024K)
 Metaspace       used 74313K, committed 75008K, reserved 491520K
  class space    used 10316K, committed 10688K, reserved 425984K
}
Event: 135.190 GC heap before
{Heap before GC invocations=45 (full 0):
 garbage-first heap   total 148480K, used 106913K [0x0000000080000000, 0x0000000100000000)
  region size 1024K, 24 young (24576K), 1 survivors (1024K)
 Metaspace       used 76056K, committed 76800K, reserved 557056K
  class space    used 10543K, committed 10880K, reserved 425984K
}
Event: 135.194 GC heap after
{Heap after GC invocations=46 (full 0):
 garbage-first heap   total 148480K, used 85783K [0x0000000080000000, 0x0000000100000000)
  region size 1024K, 3 young (3072K), 3 survivors (3072K)
 Metaspace       used 76056K, committed 76800K, reserved 557056K
  class space    used 10543K, committed 10880K, reserved 425984K
}
Event: 135.258 GC heap before
{Heap before GC invocations=46 (full 0):
 garbage-first heap   total 148480K, used 90903K [0x0000000080000000, 0x0000000100000000)
  region size 1024K, 7 young (7168K), 3 survivors (3072K)
 Metaspace       used 76101K, committed 76864K, reserved 557056K
  class space    used 10547K, committed 10880K, reserved 425984K
}
Event: 135.264 GC heap after
{Heap after GC invocations=47 (full 0):
 garbage-first heap   total 148480K, used 87298K [0x0000000080000000, 0x0000000100000000)
  region size 1024K, 1 young (1024K), 1 survivors (1024K)
 Metaspace       used 76101K, committed 76864K, reserved 557056K
  class space    used 10547K, committed 10880K, reserved 425984K
}
Event: 135.275 GC heap before
{Heap before GC invocations=47 (full 0):
 garbage-first heap   total 148480K, used 88322K [0x0000000080000000, 0x0000000100000000)
  region size 1024K, 3 young (3072K), 1 survivors (1024K)
 Metaspace       used 76101K, committed 76864K, reserved 557056K
  class space    used 10547K, committed 10880K, reserved 425984K
}
Event: 135.278 GC heap after
{Heap after GC invocations=48 (full 0):
 garbage-first heap   total 148480K, used 88211K [0x0000000080000000, 0x0000000100000000)
  region size 1024K, 2 young (2048K), 2 survivors (2048K)
 Metaspace       used 76101K, committed 76864K, reserved 557056K
  class space    used 10547K, committed 10880K, reserved 425984K
}
Event: 135.755 GC heap before
{Heap before GC invocations=49 (full 0):
 garbage-first heap   total 173056K, used 111763K [0x0000000080000000, 0x0000000100000000)
  region size 1024K, 21 young (21504K), 2 survivors (2048K)
 Metaspace       used 76798K, committed 77568K, reserved 557056K
  class space    used 10656K, committed 11008K, reserved 425984K
}
Event: 135.764 GC heap after
{Heap after GC invocations=50 (full 0):
 garbage-first heap   total 173056K, used 88315K [0x0000000080000000, 0x0000000100000000)
  region size 1024K, 2 young (2048K), 2 survivors (2048K)
 Metaspace       used 76798K, committed 77568K, reserved 557056K
  class space    used 10656K, committed 11008K, reserved 425984K
}
Event: 136.744 GC heap before
{Heap before GC invocations=50 (full 0):
 garbage-first heap   total 173056K, used 121083K [0x0000000080000000, 0x0000000100000000)
  region size 1024K, 34 young (34816K), 2 survivors (2048K)
 Metaspace       used 79090K, committed 79808K, reserved 557056K
  class space    used 10946K, committed 11264K, reserved 425984K
}
Event: 136.753 GC heap after
{Heap after GC invocations=51 (full 0):
 garbage-first heap   total 256000K, used 89867K [0x0000000080000000, 0x0000000100000000)
  region size 1024K, 4 young (4096K), 4 survivors (4096K)
 Metaspace       used 79090K, committed 79808K, reserved 557056K
  class space    used 10946K, committed 11264K, reserved 425984K
}
Event: 139.459 GC heap before
{Heap before GC invocations=52 (full 0):
 garbage-first heap   total 256000K, used 166667K [0x0000000080000000, 0x0000000100000000)
  region size 1024K, 80 young (81920K), 4 survivors (4096K)
 Metaspace       used 82453K, committed 83264K, reserved 557056K
  class space    used 11399K, committed 11776K, reserved 425984K
}
Event: 139.476 GC heap after
{Heap after GC invocations=53 (full 0):
 garbage-first heap   total 256000K, used 94233K [0x0000000080000000, 0x0000000100000000)
  region size 1024K, 8 young (8192K), 8 survivors (8192K)
 Metaspace       used 82453K, committed 83264K, reserved 557056K
  class space    used 11399K, committed 11776K, reserved 425984K
}
Event: 328.081 GC heap before
{Heap before GC invocations=53 (full 0):
 garbage-first heap   total 256000K, used 189465K [0x0000000080000000, 0x0000000100000000)
  region size 1024K, 100 young (102400K), 8 survivors (8192K)
 Metaspace       used 88108K, committed 88896K, reserved 557056K
  class space    used 12345K, committed 12672K, reserved 425984K
}
Event: 328.185 GC heap after
{Heap after GC invocations=54 (full 0):
 garbage-first heap   total 256000K, used 98862K [0x0000000080000000, 0x0000000100000000)
  region size 1024K, 11 young (11264K), 11 survivors (11264K)
 Metaspace       used 88108K, committed 88896K, reserved 557056K
  class space    used 12345K, committed 12672K, reserved 425984K
}

