# JRE version: OpenJDK Runtime Environment Temurin-17.0.10+7 (17.0.10+7) (build 17.0.10+7)
# Java VM: OpenJDK 64-Bit Server VM Temurin-17.0.10+7 (17.0.10+7, mixed mode, sharing, tiered, compressed oops, compressed class ptrs, g1 gc, windows-amd64)
GC Precious Log:
 CPUs: 8 total, 8 available
 Memory: 6020M
 Large Page Support: Disabled
 NUMA Support: Disabled
 Compressed Oops: Enabled (32-bit)
 Heap Region Size: 1M
 Heap Min Capacity: 8M
 Heap Initial Capacity: 96M
 Heap Max Capacity: 1506M
 Pre-touch: Disabled
 Parallel Workers: 8
 Concurrent Workers: 2
 Concurrent Refinement Workers: 8
 Periodic GC: Disabled
Heap:
 garbage-first heap   total 134144K, used 70308K [0x00000000a1e00000, 0x0000000100000000)
  region size 1024K, 6 young (6144K), 5 survivors (5120K)
 Metaspace       used 58779K, committed 59072K, reserved 1114112K
  class space    used 6766K, committed 6912K, reserved 1048576K
GC Heap History (20 events):
Event: 17.660 GC heap before
{Heap before GC invocations=10 (full 0):
 garbage-first heap   total 61440K, used 42387K [0x00000000a1e00000, 0x0000000100000000)
  region size 1024K, 16 young (16384K), 2 survivors (2048K)
 Metaspace       used 38825K, committed 38976K, reserved 1114112K
  class space    used 4794K, committed 4864K, reserved 1048576K
}
Event: 17.672 GC heap after
{Heap after GC invocations=11 (full 0):
 garbage-first heap   total 61440K, used 30634K [0x00000000a1e00000, 0x0000000100000000)
  region size 1024K, 2 young (2048K), 2 survivors (2048K)
 Metaspace       used 38825K, committed 38976K, reserved 1114112K
  class space    used 4794K, committed 4864K, reserved 1048576K
}
Event: 18.512 GC heap before
{Heap before GC invocations=12 (full 0):
 garbage-first heap   total 61440K, used 50090K [0x00000000a1e00000, 0x0000000100000000)
  region size 1024K, 19 young (19456K), 2 survivors (2048K)
 Metaspace       used 41845K, committed 42048K, reserved 1114112K
  class space    used 5097K, committed 5184K, reserved 1048576K
}
Event: 18.526 GC heap after
{Heap after GC invocations=13 (full 0):
 garbage-first heap   total 61440K, used 35776K [0x00000000a1e00000, 0x0000000100000000)
  region size 1024K, 3 young (3072K), 3 survivors (3072K)
 Metaspace       used 41845K, committed 42048K, reserved 1114112K
  class space    used 5097K, committed 5184K, reserved 1048576K
}
Event: 18.738 GC heap before
{Heap before GC invocations=13 (full 0):
 garbage-first heap   total 61440K, used 39872K [0x00000000a1e00000, 0x0000000100000000)
  region size 1024K, 8 young (8192K), 3 survivors (3072K)
 Metaspace       used 42789K, committed 43072K, reserved 1114112K
  class space    used 5203K, committed 5312K, reserved 1048576K
}
Event: 18.750 GC heap after
{Heap after GC invocations=14 (full 0):
 garbage-first heap   total 110592K, used 36558K [0x00000000a1e00000, 0x0000000100000000)
  region size 1024K, 1 young (1024K), 1 survivors (1024K)
 Metaspace       used 42789K, committed 43072K, reserved 1114112K
  class space    used 5203K, committed 5312K, reserved 1048576K
}
Event: 20.875 GC heap before
{Heap before GC invocations=14 (full 0):
 garbage-first heap   total 110592K, used 84686K [0x00000000a1e00000, 0x0000000100000000)
  region size 1024K, 47 young (48128K), 1 survivors (1024K)
 Metaspace       used 47962K, committed 48256K, reserved 1114112K
  class space    used 5816K, committed 5952K, reserved 1048576K
}
Event: 20.892 GC heap after
{Heap after GC invocations=15 (full 0):
 garbage-first heap   total 110592K, used 40931K [0x00000000a1e00000, 0x0000000100000000)
  region size 1024K, 5 young (5120K), 5 survivors (5120K)
 Metaspace       used 47962K, committed 48256K, reserved 1114112K
  class space    used 5816K, committed 5952K, reserved 1048576K
}
Event: 24.712 GC heap before
{Heap before GC invocations=15 (full 0):
 garbage-first heap   total 110592K, used 85987K [0x00000000a1e00000, 0x0000000100000000)
  region size 1024K, 49 young (50176K), 5 survivors (5120K)
 Metaspace       used 52803K, committed 53120K, reserved 1114112K
  class space    used 6359K, committed 6528K, reserved 1048576K
}
Event: 24.754 GC heap after
{Heap after GC invocations=16 (full 0):
 garbage-first heap   total 110592K, used 48128K [0x00000000a1e00000, 0x0000000100000000)
  region size 1024K, 7 young (7168K), 7 survivors (7168K)
 Metaspace       used 52803K, committed 53120K, reserved 1114112K
  class space    used 6359K, committed 6528K, reserved 1048576K
}
Event: 27.296 GC heap before
{Heap before GC invocations=16 (full 0):
 garbage-first heap   total 110592K, used 84992K [0x00000000a1e00000, 0x0000000100000000)
  region size 1024K, 43 young (44032K), 7 survivors (7168K)
 Metaspace       used 54044K, committed 54336K, reserved 1114112K
  class space    used 6435K, committed 6592K, reserved 1048576K
}
Event: 27.340 GC heap after
{Heap after GC invocations=17 (full 0):
 garbage-first heap   total 110592K, used 55017K [0x00000000a1e00000, 0x0000000100000000)
  region size 1024K, 6 young (6144K), 6 survivors (6144K)
 Metaspace       used 54044K, committed 54336K, reserved 1114112K
  class space    used 6435K, committed 6592K, reserved 1048576K
}
Event: 29.563 GC heap before
{Heap before GC invocations=17 (full 0):
 garbage-first heap   total 110592K, used 85737K [0x00000000a1e00000, 0x0000000100000000)
  region size 1024K, 36 young (36864K), 6 survivors (6144K)
 Metaspace       used 54864K, committed 55232K, reserved 1114112K
  class space    used 6512K, committed 6720K, reserved 1048576K
}
Event: 29.596 GC heap after
{Heap after GC invocations=18 (full 0):
 garbage-first heap   total 110592K, used 60928K [0x00000000a1e00000, 0x0000000100000000)
  region size 1024K, 5 young (5120K), 5 survivors (5120K)
 Metaspace       used 54864K, committed 55232K, reserved 1114112K
  class space    used 6512K, committed 6720K, reserved 1048576K
}
Event: 31.199 GC heap before
{Heap before GC invocations=18 (full 0):
 garbage-first heap   total 110592K, used 87552K [0x00000000a1e00000, 0x0000000100000000)
  region size 1024K, 31 young (31744K), 5 survivors (5120K)
 Metaspace       used 55630K, committed 56000K, reserved 1114112K
  class space    used 6549K, committed 6720K, reserved 1048576K
}
Event: 31.221 GC heap after
{Heap after GC invocations=19 (full 0):
 garbage-first heap   total 110592K, used 63453K [0x00000000a1e00000, 0x0000000100000000)
  region size 1024K, 3 young (3072K), 3 survivors (3072K)
 Metaspace       used 55630K, committed 56000K, reserved 1114112K
  class space    used 6549K, committed 6720K, reserved 1048576K
}
Event: 36.275 GC heap before
{Heap before GC invocations=20 (full 0):
 garbage-first heap   total 111616K, used 87005K [0x00000000a1e00000, 0x0000000100000000)
  region size 1024K, 27 young (27648K), 3 survivors (3072K)
 Metaspace       used 57763K, committed 58112K, reserved 1114112K
  class space    used 6737K, committed 6912K, reserved 1048576K
}
Event: 36.312 GC heap after
{Heap after GC invocations=21 (full 0):
 garbage-first heap   total 134144K, used 65736K [0x00000000a1e00000, 0x0000000100000000)
  region size 1024K, 3 young (3072K), 3 survivors (3072K)
 Metaspace       used 57763K, committed 58112K, reserved 1114112K
  class space    used 6737K, committed 6912K, reserved 1048576K
}
Event: 40.510 GC heap before
{Heap before GC invocations=21 (full 0):
 garbage-first heap   total 134144K, used 86216K [0x00000000a1e00000, 0x0000000100000000)
  region size 1024K, 24 young (24576K), 3 survivors (3072K)
 Metaspace       used 58768K, committed 59072K, reserved 1114112K
  class space    used 6766K, committed 6912K, reserved 1048576K
}
Event: 40.524 GC heap after
{Heap after GC invocations=22 (full 0):
 garbage-first heap   total 134144K, used 68260K [0x00000000a1e00000, 0x0000000100000000)
  region size 1024K, 5 young (5120K), 5 survivors (5120K)
 Metaspace       used 58768K, committed 59072K, reserved 1114112K
  class space    used 6766K, committed 6912K, reserved 1048576K
}

