# JRE version: OpenJDK Runtime Environment Temurin-17.0.10+7 (17.0.10+7) (build 17.0.10+7)
# Java VM: OpenJDK 64-Bit Server VM Temurin-17.0.10+7 (17.0.10+7, mixed mode, sharing, tiered, compressed oops, compressed class ptrs, g1 gc, windows-amd64)
GC Precious Log:
 CPUs: 8 total, 8 available
 Memory: 6020M
 Large Page Support: Disabled
 NUMA Support: Disabled
 Compressed Oops: Enabled (32-bit)
 Heap Region Size: 1M
 Heap Min Capacity: 8M
 Heap Initial Capacity: 96M
 Heap Max Capacity: 1506M
 Pre-touch: Disabled
 Parallel Workers: 8
 Concurrent Workers: 2
 Concurrent Refinement Workers: 8
 Periodic GC: Disabled
Heap:
 garbage-first heap   total 111616K, used 68391K [0x00000000a1e00000, 0x0000000100000000)
  region size 1024K, 2 young (2048K), 2 survivors (2048K)
 Metaspace       used 72585K, committed 72960K, reserved 1114112K
  class space    used 8306K, committed 8512K, reserved 1048576K
GC Heap History (20 events):
Event: 26.213 GC heap after
{Heap after GC invocations=27 (full 0):
 garbage-first heap   total 92160K, used 51327K [0x00000000a1e00000, 0x0000000100000000)
  region size 1024K, 4 young (4096K), 4 survivors (4096K)
 Metaspace       used 52401K, committed 52672K, reserved 1114112K
  class space    used 6377K, committed 6528K, reserved 1048576K
}
Event: 27.374 GC heap before
{Heap before GC invocations=27 (full 0):
 garbage-first heap   total 92160K, used 71807K [0x00000000a1e00000, 0x0000000100000000)
  region size 1024K, 24 young (24576K), 4 survivors (4096K)
 Metaspace       used 53594K, committed 53888K, reserved 1114112K
  class space    used 6494K, committed 6656K, reserved 1048576K
}
Event: 27.392 GC heap after
{Heap after GC invocations=28 (full 0):
 garbage-first heap   total 92160K, used 53785K [0x00000000a1e00000, 0x0000000100000000)
  region size 1024K, 3 young (3072K), 3 survivors (3072K)
 Metaspace       used 53594K, committed 53888K, reserved 1114112K
  class space    used 6494K, committed 6656K, reserved 1048576K
}
Event: 29.622 GC heap before
{Heap before GC invocations=29 (full 0):
 garbage-first heap   total 92160K, used 73241K [0x00000000a1e00000, 0x0000000100000000)
  region size 1024K, 22 young (22528K), 3 survivors (3072K)
 Metaspace       used 55765K, committed 56064K, reserved 1114112K
  class space    used 6674K, committed 6848K, reserved 1048576K
}
Event: 29.640 GC heap after
{Heap after GC invocations=30 (full 0):
 garbage-first heap   total 92160K, used 55763K [0x00000000a1e00000, 0x0000000100000000)
  region size 1024K, 3 young (3072K), 3 survivors (3072K)
 Metaspace       used 55765K, committed 56064K, reserved 1114112K
  class space    used 6674K, committed 6848K, reserved 1048576K
}
Event: 31.712 GC heap before
{Heap before GC invocations=30 (full 0):
 garbage-first heap   total 92160K, used 74195K [0x00000000a1e00000, 0x0000000100000000)
  region size 1024K, 21 young (21504K), 3 survivors (3072K)
 Metaspace       used 57140K, committed 57472K, reserved 1114112K
  class space    used 6735K, committed 6912K, reserved 1048576K
}
Event: 31.729 GC heap after
{Heap after GC invocations=31 (full 0):
 garbage-first heap   total 92160K, used 57806K [0x00000000a1e00000, 0x0000000100000000)
  region size 1024K, 2 young (2048K), 2 survivors (2048K)
 Metaspace       used 57140K, committed 57472K, reserved 1114112K
  class space    used 6735K, committed 6912K, reserved 1048576K
}
Event: 33.033 GC heap before
{Heap before GC invocations=32 (full 0):
 garbage-first heap   total 99328K, used 65998K [0x00000000a1e00000, 0x0000000100000000)
  region size 1024K, 11 young (11264K), 2 survivors (2048K)
 Metaspace       used 57387K, committed 57728K, reserved 1114112K
  class space    used 6737K, committed 6912K, reserved 1048576K
}
Event: 33.044 GC heap after
{Heap after GC invocations=33 (full 0):
 garbage-first heap   total 99328K, used 58783K [0x00000000a1e00000, 0x0000000100000000)
  region size 1024K, 1 young (1024K), 1 survivors (1024K)
 Metaspace       used 57387K, committed 57728K, reserved 1114112K
  class space    used 6737K, committed 6912K, reserved 1048576K
}
Event: 35.358 GC heap before
{Heap before GC invocations=34 (full 0):
 garbage-first heap   total 111616K, used 82335K [0x00000000a1e00000, 0x0000000100000000)
  region size 1024K, 23 young (23552K), 1 survivors (1024K)
 Metaspace       used 58629K, committed 59008K, reserved 1114112K
  class space    used 6841K, committed 7040K, reserved 1048576K
}
Event: 35.368 GC heap after
{Heap after GC invocations=35 (full 0):
 garbage-first heap   total 111616K, used 60623K [0x00000000a1e00000, 0x0000000100000000)
  region size 1024K, 3 young (3072K), 3 survivors (3072K)
 Metaspace       used 58629K, committed 59008K, reserved 1114112K
  class space    used 6841K, committed 7040K, reserved 1048576K
}
Event: 35.502 GC heap before
{Heap before GC invocations=35 (full 0):
 garbage-first heap   total 111616K, used 62671K [0x00000000a1e00000, 0x0000000100000000)
  region size 1024K, 5 young (5120K), 3 survivors (3072K)
 Metaspace       used 58685K, committed 59072K, reserved 1114112K
  class space    used 6843K, committed 7040K, reserved 1048576K
}
Event: 35.514 GC heap after
{Heap after GC invocations=36 (full 0):
 garbage-first heap   total 111616K, used 60438K [0x00000000a1e00000, 0x0000000100000000)
  region size 1024K, 1 young (1024K), 1 survivors (1024K)
 Metaspace       used 58685K, committed 59072K, reserved 1114112K
  class space    used 6843K, committed 7040K, reserved 1048576K
}
Event: 40.063 GC heap before
{Heap before GC invocations=36 (full 0):
 garbage-first heap   total 111616K, used 90134K [0x00000000a1e00000, 0x0000000100000000)
  region size 1024K, 30 young (30720K), 1 survivors (1024K)
 Metaspace       used 64268K, committed 64576K, reserved 1114112K
  class space    used 7403K, committed 7552K, reserved 1048576K
}
Event: 40.182 GC heap after
{Heap after GC invocations=37 (full 0):
 garbage-first heap   total 111616K, used 62470K [0x00000000a1e00000, 0x0000000100000000)
  region size 1024K, 3 young (3072K), 3 survivors (3072K)
 Metaspace       used 64268K, committed 64576K, reserved 1114112K
  class space    used 7403K, committed 7552K, reserved 1048576K
}
Event: 42.442 GC heap before
{Heap before GC invocations=38 (full 0):
 garbage-first heap   total 111616K, used 91142K [0x00000000a1e00000, 0x0000000100000000)
  region size 1024K, 31 young (31744K), 3 survivors (3072K)
 Metaspace       used 67553K, committed 67904K, reserved 1114112K
  class space    used 7745K, committed 7936K, reserved 1048576K
}
Event: 42.466 GC heap after
{Heap after GC invocations=39 (full 0):
 garbage-first heap   total 111616K, used 66910K [0x00000000a1e00000, 0x0000000100000000)
  region size 1024K, 4 young (4096K), 4 survivors (4096K)
 Metaspace       used 67553K, committed 67904K, reserved 1114112K
  class space    used 7745K, committed 7936K, reserved 1048576K
}
Event: 42.515 GC heap before
{Heap before GC invocations=39 (full 0):
 garbage-first heap   total 111616K, used 67934K [0x00000000a1e00000, 0x0000000100000000)
  region size 1024K, 5 young (5120K), 4 survivors (4096K)
 Metaspace       used 67556K, committed 67904K, reserved 1114112K
  class space    used 7745K, committed 7936K, reserved 1048576K
}
Event: 42.532 GC heap after
{Heap after GC invocations=40 (full 0):
 garbage-first heap   total 111616K, used 67494K [0x00000000a1e00000, 0x0000000100000000)
  region size 1024K, 1 young (1024K), 1 survivors (1024K)
 Metaspace       used 67556K, committed 67904K, reserved 1114112K
  class space    used 7745K, committed 7936K, reserved 1048576K
}
Event: 44.283 GC heap before
{Heap before GC invocations=40 (full 0):
 garbage-first heap   total 111616K, used 88998K [0x00000000a1e00000, 0x0000000100000000)
  region size 1024K, 23 young (23552K), 1 survivors (1024K)
 Metaspace       used 72585K, committed 72960K, reserved 1114112K
  class space    used 8306K, committed 8512K, reserved 1048576K
}

